<?xml version="1.0" encoding="UTF-8"?>
<testng-results ignored="0" total="5" passed="5" failed="0" skipped="0">
  <reporter-output>
  </reporter-output>
  <suite started-at="2023-11-12T20:08:30 EST" name="Default suite" finished-at="2023-11-12T20:08:57 EST" duration-ms="26608">
    <groups>
      <group name="cucumber">
        <method signature="AbstractTestNGCucumberTests.runScenario(io.cucumber.testng.PickleWrapper,io.cucumber.testng.FeatureWrapper)[pri:0, instance:com.automation.runners.FirebaseRunner@f5958c9]" name="runScenario" class="io.cucumber.testng.AbstractTestNGCucumberTests"/>
      </group> <!-- cucumber -->
    </groups>
    <test started-at="2023-11-12T20:08:30 EST" name="Default test" finished-at="2023-11-12T20:08:57 EST" duration-ms="26608">
      <class name="com.automation.runners.FirebaseRunner">
        <test-method is-config="true" signature="setUpClass(org.testng.ITestContext)[pri:0, instance:com.automation.runners.FirebaseRunner@f5958c9]" started-at="2023-11-12T20:08:30 EST" name="setUpClass" finished-at="2023-11-12T20:08:31 EST" duration-ms="920" status="PASS">
          <params>
            <param index="0">
              <value>
                <![CDATA[org.testng.TestRunner@5f935d49]]>
              </value>
            </param>
          </params>
          <reporter-output>
          </reporter-output>
        </test-method> <!-- setUpClass -->
        <test-method signature="runScenario(io.cucumber.testng.PickleWrapper,io.cucumber.testng.FeatureWrapper)[pri:0, instance:com.automation.runners.FirebaseRunner@f5958c9]" started-at="2023-11-12T20:08:31 EST" name="runScenario" description="Runs Cucumber Scenarios" data-provider="scenarios" finished-at="2023-11-12T20:08:37 EST" duration-ms="6491" status="PASS">
          <params>
            <param index="0">
              <value>
                <![CDATA["LoginErrorMessage"]]>
              </value>
            </param>
            <param index="1">
              <value>
                <![CDATA["Login into Salesforce web application"]]>
              </value>
            </param>
          </params>
          <reporter-output>
          </reporter-output>
        </test-method> <!-- runScenario -->
        <test-method signature="runScenario(io.cucumber.testng.PickleWrapper,io.cucumber.testng.FeatureWrapper)[pri:0, instance:com.automation.runners.FirebaseRunner@f5958c9]" started-at="2023-11-12T20:08:37 EST" name="runScenario" description="Runs Cucumber Scenarios" data-provider="scenarios" finished-at="2023-11-12T20:08:43 EST" duration-ms="5605" status="PASS">
          <params>
            <param index="0">
              <value>
                <![CDATA["LogintoSalesfore"]]>
              </value>
            </param>
            <param index="1">
              <value>
                <![CDATA["Login into Salesforce web application"]]>
              </value>
            </param>
          </params>
          <reporter-output>
          </reporter-output>
        </test-method> <!-- runScenario -->
        <test-method signature="runScenario(io.cucumber.testng.PickleWrapper,io.cucumber.testng.FeatureWrapper)[pri:0, instance:com.automation.runners.FirebaseRunner@f5958c9]" started-at="2023-11-12T20:08:43 EST" name="runScenario" description="Runs Cucumber Scenarios" data-provider="scenarios" finished-at="2023-11-12T20:08:50 EST" duration-ms="6968" status="PASS">
          <params>
            <param index="0">
              <value>
                <![CDATA["Remember me"]]>
              </value>
            </param>
            <param index="1">
              <value>
                <![CDATA["Login into Salesforce web application"]]>
              </value>
            </param>
          </params>
          <reporter-output>
          </reporter-output>
        </test-method> <!-- runScenario -->
        <test-method signature="runScenario(io.cucumber.testng.PickleWrapper,io.cucumber.testng.FeatureWrapper)[pri:0, instance:com.automation.runners.FirebaseRunner@f5958c9]" started-at="2023-11-12T20:08:50 EST" name="runScenario" description="Runs Cucumber Scenarios" data-provider="scenarios" finished-at="2023-11-12T20:08:54 EST" duration-ms="3481" status="PASS">
          <params>
            <param index="0">
              <value>
                <![CDATA["Forgot Password A"]]>
              </value>
            </param>
            <param index="1">
              <value>
                <![CDATA["Login into Salesforce web application"]]>
              </value>
            </param>
          </params>
          <reporter-output>
          </reporter-output>
        </test-method> <!-- runScenario -->
        <test-method signature="runScenario(io.cucumber.testng.PickleWrapper,io.cucumber.testng.FeatureWrapper)[pri:0, instance:com.automation.runners.FirebaseRunner@f5958c9]" started-at="2023-11-12T20:08:54 EST" name="runScenario" description="Runs Cucumber Scenarios" data-provider="scenarios" finished-at="2023-11-12T20:08:57 EST" duration-ms="3028" status="PASS">
          <params>
            <param index="0">
              <value>
                <![CDATA["Forgot Password B"]]>
              </value>
            </param>
            <param index="1">
              <value>
                <![CDATA["Login into Salesforce web application"]]>
              </value>
            </param>
          </params>
          <reporter-output>
          </reporter-output>
        </test-method> <!-- runScenario -->
        <test-method is-config="true" signature="tearDownClass()[pri:0, instance:com.automation.runners.FirebaseRunner@f5958c9]" started-at="2023-11-12T20:08:57 EST" name="tearDownClass" finished-at="2023-11-12T20:08:57 EST" duration-ms="45" status="PASS">
          <reporter-output>
          </reporter-output>
        </test-method> <!-- tearDownClass -->
      </class> <!-- com.automation.runners.FirebaseRunner -->
    </test> <!-- Default test -->
  </suite> <!-- Default suite -->
</testng-results>
